<?xml version="1.0" encoding="UTF-8"?>
<testng-results skipped="0" failed="0" ignored="0" total="1" passed="1">
  <reporter-output>
  </reporter-output>
  <suite name="Default suite" duration-ms="7492" started-at="2020-05-20T10:55:36 IST" finished-at="2020-05-20T10:55:43 IST">
    <groups>
    </groups>
    <test name="Default test" duration-ms="7492" started-at="2020-05-20T10:55:36 IST" finished-at="2020-05-20T10:55:43 IST">
      <class name="xpath_demo.Xpath_myProject">
        <test-method status="PASS" signature="acutalfunction()[pri:0, instance:xpath_demo.Xpath_myProject@7d907bac]" name="acutalfunction" duration-ms="7440" started-at="2020-05-20T10:55:36 IST" finished-at="2020-05-20T10:55:43 IST">
          <reporter-output>
          </reporter-output>
        </test-method> <!-- acutalfunction -->
        <test-method status="PASS" signature="closebrowser()[pri:0, instance:xpath_demo.Xpath_myProject@7d907bac]" name="closebrowser" is-config="true" duration-ms="2" started-at="2020-05-20T10:55:43 IST" finished-at="2020-05-20T10:55:43 IST">
          <reporter-output>
          </reporter-output>
        </test-method> <!-- closebrowser -->
      </class> <!-- xpath_demo.Xpath_myProject -->
    </test> <!-- Default test -->
  </suite> <!-- Default suite -->
</testng-results>
